<?xml version="1.0" encoding="UTF-8"?>
<testsuite name="com.daocheng.AppTest" tests="1" skipped="0" failures="0" errors="0" timestamp="2017-03-29T14:01:13" hostname="Lenovo-PC" time="0.002">
  <properties/>
  <testcase name="testApp" classname="com.daocheng.AppTest" time="0.002"/>
  <system-out><![CDATA[]]></system-out>
  <system-err><![CDATA[]]></system-err>
</testsuite>
